LICENSE: Could not open license file "oe_license.txt" in local directory
LICENSE: N.B. OE_LICENSE environment variable is not set
LICENSE: N.B. OE_DIR environment variable is not set
LICENSE: No product keys!
LICENSE: No product keys!
LICENSE: No product keys!
LICENSE: No product keys!
Warning: Unable to load toolkit 'OpenEye Toolkit'. The Open Force Field Toolkit does not require the OpenEye Toolkits, and can use RDKit/AmberTools instead. However, if you have a valid license for the OpenEye Toolkits, consider installing them for faster performance and additional file format support: https://docs.eyesopen.com/toolkits/python/quickstart-python/linuxosx.html OpenEye offers free Toolkit licenses for academics: https://www.eyesopen.com/academic-licensing

################################################################################

 PACKMOL - Packing optimization for the automated generation of
 starting configurations for molecular dynamics simulations.
 
                                                              Version 20.010 

################################################################################

  Packmol must be run with: packmol < inputfile.inp 

  Userguide at: http://m3g.iqm.unicamp.br/packmol 

  Reading input file... (Control-C aborts)
  Will add the TER flag between molecules. 
  Seed for random number generator:      1234567
  Output file: /tmp/tmpqastc_cz/tmpas_yi1s4.pdb
  Reading coordinate file: solute.pdb
  Reading coordinate file: solvent.pdb
  Number of independent structures:            2
  The structures are: 
  Structure            1 :solute.pdb(          15  atoms)
  Structure            2 :solvent.pdb(           5  atoms)
  Maximum number of GENCAN loops for all molecule packing:          400
  Total number of restrictions:            2
  Distance tolerance:    2.0000000000000000     
  Warning: Type of residue numbering not set for structure            1
  Residue numbering set for structure            1 :           0
  Swap chains of molecules of structure            1 : F
  Warning: Type of residue numbering not set for structure            2
  Residue numbering set for structure            2 :           0
  Swap chains of molecules of structure            2 : F
  Number of molecules of type            1 :            1
  Number of molecules of type            2 :          100
  Total number of atoms:          515
  Total number of molecules:          101
  Number of fixed molecules:            0
  Number of free molecules:          101
  Number of variables:          606
  Total number of fixed atoms:            0
  Maximum internal distance of type            1 :    4.2602893094248895     
  Maximum internal distance of type            2 :    2.9420814060797165     
  All atoms must be within these coordinates: 
   x: [   -996.79999999999995      ,    1003.2000000000000       ] 
   y: [   -996.83265723712816      ,    1003.1673427628718       ] 
   z: [   -998.09521276142243      ,    1001.9047872385776       ] 
  If the system is larger than this, increase the sidemax parameter. 

################################################################################

  Building initial approximation ... 

################################################################################

  Adjusting initial point to fit the constraints 

--------------------------------------------------------------------------------

--------------------------------------------------------------------------------

  Molecules of type:            1

  Packing:|0                                                             100%|
          |****************************

  Restraint-only function value:    8.9072526944190510E-003
  Maximum violation of the restraints:    8.7138379837764530E-003

--------------------------------------------------------------------------------

  Molecules of type:            2

  Packing:|0                                                             100%|
          |******************************************************************|
          |*******

  Restraint-only function value:    1.6268966032082764E-003
  Maximum violation of the restraints:    1.6268966032082764E-003

--------------------------------------------------------------------------------

  Rescaling maximum and minimum coordinates... 
  Computing size of patches... 
  Add fixed molecules to permanent arrays... 
  Reseting center of mass... 

--------------------------------------------------------------------------------

  Setting initial trial coordinates ... 

--------------------------------------------------------------------------------

--------------------------------------------------------------------------------

  Molecules of type:            1
  Adjusting random positions to fit the constraints. 
  Restraint-only function value:    3.9898806571378783E-003
  Maximum violation of the restraints:    3.9330815380211586E-003

--------------------------------------------------------------------------------

  Molecules of type:            2
  Adjusting random positions to fit the constraints. 
  Packing:|0                                                             100%|
          |
  Restraint-only function value:    4.7113729956644286E-003
  Maximum violation of the restraints:    4.3963854777977563E-003

################################################################################

  Objective function at initial point:    1893.7300004824558     

################################################################################

  Packing molecules of type:            1

################################################################################


  Initial approximation is a solution. Nothing to do. 

  Current point written to file: /tmp/tmpqastc_cz/tmpas_yi1s4.pdb
--------------------------------------------------------------------------------
  Packing solved for molecules of type           1
  Objective function value:    3.9898806571378783E-003
  Maximum violation of target distance:    0.0000000000000000     
  Max. constraint violation:    3.9330815380211586E-003
--------------------------------------------------------------------------------

################################################################################

  Packing molecules of type:            2

################################################################################


--------------------------------------------------------------------------------

  Starting GENCAN loop:            0
  Scaling radii by:    1.1000000000000001     

  Packing:|0                                                             100%|
          |******************************************************************|
          |******************************************************************|


  Function value from last GENCAN loop: f = .89911E-02
  Best function value before: f = .18158E+04
  Improvement from best function value:    99.99 %
  Improvement from last loop:    99.99 %
  Maximum violation of target distance:     0.000000
  Maximum violation of the constraints: .42286E-02
  Current structure written to file: /tmp/tmpqastc_cz/tmpas_yi1s4.pdb
--------------------------------------------------------------------------------
  Packing solved for molecules of type           2
  Objective function value:    8.9911018526380396E-003
  Maximum violation of target distance:    0.0000000000000000     
  Max. constraint violation:    4.2286039640526477E-003
--------------------------------------------------------------------------------

################################################################################

  Packing all molecules together 

################################################################################


--------------------------------------------------------------------------------

  Starting GENCAN loop:            0
  Scaling radii by:    1.1000000000000001     

  Packing:|0                                                             100%|
          |******************************************

  Function value from last GENCAN loop: f = .10388E-01
  Best function value before: f = .10844E+03
  Improvement from best function value:    99.99 %
  Improvement from last loop:    99.99 %
  Maximum violation of target distance:     0.000000
  Maximum violation of the constraints: .83344E-02

################################################################################

                                 Success! 
              Final objective function value: .10388E-01
              Maximum violation of target distance:   0.000000
              Maximum violation of the constraints: .83344E-02

--------------------------------------------------------------------------------

              Please cite this work if Packmol was useful: 

           L. Martinez, R. Andrade, E. G. Birgin, J. M. Martinez, 
         PACKMOL: A package for building initial configurations for
                   molecular dynamics simulations. 
          Journal of Computational Chemistry, 30:2157-2164,2009.

################################################################################

  Solution written to file: /tmp/tmpqastc_cz/tmpas_yi1s4.pdb

--------------------------------------------------------------------------------

   Running time:    8.64899978E-02  seconds. 

--------------------------------------------------------------------------------


Warning: In AmberToolsToolkitwrapper.compute_partial_charges_am1bcc: Molecule '' has more than one conformer, but this function will only generate charges for the first one.

Welcome to antechamber 19.0: molecular input file processor.

acdoctor mode is on: check and diagnose problems in the input file.
-- Check Format for sdf File --
   Status: pass
-- Check Unusual Elements --
   Status: pass
-- Check Open Valences --
   Status: pass
-- Check Geometry --
      for those bonded   
      for those not bonded   
   Status: pass
-- Check Weird Bonds --
   Status: pass
-- Check Number of Units --
   Status: pass
acdoctor mode has completed checking the input file.

Info: Total number of electrons: 40; net charge: 0

Running: /n/home03/cwagen/.conda/envs/openmm/bin/sqm -O -i sqm.in -o sqm.out


Welcome to antechamber 19.0: molecular input file processor.

acdoctor mode is on: check and diagnose problems in the input file.
-- Check Format for mol2 File --
   Status: pass
-- Check Unusual Elements --
   Status: pass
-- Check Open Valences --
   Status: pass
-- Check Geometry --
      for those bonded   
      for those not bonded   
   Status: pass
-- Check Weird Bonds --
   Status: pass
-- Check Number of Units --
   Status: pass
acdoctor mode has completed checking the input file.


Warning: In AmberToolsToolkitwrapper.compute_partial_charges_am1bcc: Molecule '' has more than one conformer, but this function will only generate charges for the first one.

Welcome to antechamber 19.0: molecular input file processor.

acdoctor mode is on: check and diagnose problems in the input file.
-- Check Format for sdf File --
   Status: pass
-- Check Unusual Elements --
   Status: pass
-- Check Open Valences --
   Status: pass
-- Check Geometry --
      for those bonded   
      for those not bonded   
   Status: pass
-- Check Weird Bonds --
   Status: pass
-- Check Number of Units --
   Status: pass
acdoctor mode has completed checking the input file.

Info: Total number of electrons: 58; net charge: 0

Running: /n/home03/cwagen/.conda/envs/openmm/bin/sqm -O -i sqm.in -o sqm.out


Welcome to antechamber 19.0: molecular input file processor.

acdoctor mode is on: check and diagnose problems in the input file.
-- Check Format for mol2 File --
   Status: pass
-- Check Unusual Elements --
   Status: pass
-- Check Open Valences --
   Status: pass
-- Check Geometry --
      for those bonded   
      for those not bonded   
   Status: pass
-- Check Weird Bonds --
   Status: pass
-- Check Number of Units --
   Status: pass
acdoctor mode has completed checking the input file.


